2026-04-08 15:25:14.684 - DBeaver 26.0.2.202604051735 is starting
2026-04-08 15:25:14.688 - OS: Windows 11 10.0 (amd64)
2026-04-08 15:25:14.689 - Java version: 21.0.8 by Eclipse Adoptium (64bit)
2026-04-08 15:25:14.689 - Install path: 'C:\Program Files\DBeaver'
2026-04-08 15:25:14.689 - Instance path: 'file:/E:/DBeaver/ksmiracle/'
2026-04-08 15:25:14.693 - Memory available 64Mb/1024Mb
2026-04-08 15:25:14.701 - Initialize desktop platform...
2026-04-08 15:25:15.068 - BounceCastle bundle found. Use JCE provider BC
> Start Core File Systems [org.eclipse.core.filesystem 1.11.400.v20251107-0507]
> Start Core Resource Management [org.eclipse.core.resources 3.23.200.v20251217-0810]
> Start Team Support Core [org.eclipse.team.core 3.10.1000.v20260112-1030]
> Start DBeaver UI Navigator [org.jkiss.dbeaver.ui.navigator 1.0.176.202604051735]
> Start JFace Text [org.eclipse.jface.text 3.30.0.v20260203-0841]
2026-04-08 15:25:15.838 - Initialize base platform...
2026-04-08 15:25:15.856 - Platform initialized (1155ms)
2026-04-08 15:25:15.865 - Create display
2026-04-08 15:25:16.048 - Starting instance server at http://localhost:56423
2026-04-08 15:25:16.055 - Run workbench
> Start Eclipse IDE UI [org.eclipse.ui.ide 3.23.0.v20260103-1639]
> Start Eclipse e4 Workbench SWT [org.eclipse.e4.ui.workbench.swt 0.18.0.v20260119-0835]
> Start Eclipse Application Services [org.eclipse.e4.core.services 2.5.300.v20251112-1253]
> Start Eclipse UI Application Services [org.eclipse.e4.ui.services 1.6.600.v20251023-1358]
> Start Eclipse e4 Progress View [org.eclipse.e4.ui.progress 0.5.0.v20251217-1052]
> Start Eclipse Bindings Support [org.eclipse.e4.ui.bindings 0.15.0.v20251216-1230]
> Start Eclipse e4 core commands [org.eclipse.e4.core.commands 1.1.700.v20250916-0927]
> Start EMF XML/XMI Persistence [org.eclipse.emf.ecore.xmi 2.40.0.v20251210-1145]
> Start Eclipse CSS SWT Theme Support [org.eclipse.e4.ui.css.swt.theme 0.15.0.v20251216-1230]
> Start Eclipse e4 Workbench Add-ons [org.eclipse.e4.ui.workbench.addons.swt 1.6.0.v20251216-1230]
> Start Eclipse e4 Workbench SWT Renderer [org.eclipse.e4.ui.workbench.renderers.swt 0.17.0.v20260131-0926]
> Start Eclipse Dependency Injection Extensions [org.eclipse.e4.core.di.extensions 0.18.300.v20240413-1529]
> Start DBeaver AI Model [org.jkiss.dbeaver.model.ai 2.0.19.202604051735]
> Start DBeaver AI UI [org.jkiss.dbeaver.ui.ai 1.0.78.202604051735]
> Start Eclipse CSS SWT Support [org.eclipse.e4.ui.css.swt 0.16.0.v20251216-1230]
> Start Internet Connection Management [org.eclipse.core.net 1.5.800.v20250613-1119]
> Start Equinox Java Authentication and Authorization Service (JAAS) [org.eclipse.equinox.security 1.4.700.v20250622-1644]
> Start Internet Connection Management UI [org.eclipse.ui.net 1.6.0.v20251219-1227]
> Start GEF Classic Draw2d [org.eclipse.draw2d 3.22.0.202602231721]
> Start GEF Classic GEF (MVC) [org.eclipse.gef 3.25.0.202602162234]
> Start Default Text Editor [org.eclipse.ui.editors 3.21.0.v20260218-1452]
> Start Text Editor Framework [org.eclipse.ui.workbench.texteditor 3.20.0.v20260127-1637]
2026-04-08 15:25:18.316 - Configure workbench window
> Start DBeaver SQL Model [org.jkiss.dbeaver.model.sql 1.0.166.202604051735]
2026-04-08 15:25:18.556 - Total database drivers: 129 (129)
> Start Help System Core [org.eclipse.help 3.11.0.v20251227-1159]
2026-04-08 15:25:18.684 - Create actions
2026-04-08 15:25:20.827 - Initialize workbench window
2026-04-08 15:25:20.850 - Finish initialization
> Start DBeaver UI Editors - Data [org.jkiss.dbeaver.ui.editors.data 1.0.176.202604051735]
> Start DBeaver UI Editors - SQL [org.jkiss.dbeaver.ui.editors.sql 1.0.176.202604051735]
> Start DBeaver Dashboard UI [org.jkiss.dbeaver.ui.dashboard 1.0.173.202604051735]
> Start DBeaver ERD UI [org.jkiss.dbeaver.ui.editors.erd 3.1.17.202604051735]
> Start DBeaver ERD Model [org.jkiss.dbeaver.model.erd 1.1.17.202604051735]
> Start DBeaver Sample Database [org.jkiss.dbeaver.ui.config.sample 1.0.213.202604051735]
2026-04-08 15:25:27.987 - Open [https://dbeaver.io/product/version.xml]
> Start DBeaver MySQL UI Support [org.jkiss.dbeaver.ext.mysql.ui 1.0.168.202604051735]
> Start DBeaver JDBC Model [org.jkiss.dbeaver.model.jdbc 1.0.69.202604051735]
> Start DBeaver MySQL Support [org.jkiss.dbeaver.ext.mysql 2.1.261.202604051735]
2026-04-08 15:25:45.500 - Service 'org.jkiss.dbeaver.ui.UIServiceConnectionEditor' not found
2026-04-08 15:25:45.606 - Service 'org.jkiss.dbeaver.runtime.ui.UIServiceSecurity' not found
2026-04-08 15:25:59.277 - Open [https://repo1.maven.org/maven2/com/mysql/mysql-connector-j/8.2.0/mysql-connector-j-8.2.0.pom]
2026-04-08 15:25:59.684 - Open [https://repo1.maven.org/maven2/com/google/protobuf/protobuf-java/3.21.9/protobuf-java-3.21.9.pom]
2026-04-08 15:25:59.772 - Open [https://repo1.maven.org/maven2/com/google/protobuf/protobuf-parent/3.21.9/protobuf-parent-3.21.9.pom]
2026-04-08 15:25:59.856 - Open [https://repo1.maven.org/maven2/com/google/protobuf/protobuf-bom/3.21.9/protobuf-bom-3.21.9.pom]
2026-04-08 15:26:20.337 - Open [https://repo1.maven.org/maven2/com/mysql/mysql-connector-j/8.2.0/mysql-connector-j-8.2.0.jar]
2026-04-08 15:26:21.336 - Open [https://repo1.maven.org/maven2/com/google/protobuf/protobuf-java/3.21.9/protobuf-java-3.21.9.jar]
2026-04-08 15:26:22.714 - Connect with 'ksmiaraclee' (mysql8-19d6c328cd3-1f9beba0cb5706a6)
2026-04-08 15:26:22.767 - Execution context opened (ksmiaraclee; Main; 0)
> Start DBeaver GIS Support [org.jkiss.dbeaver.data.gis 1.0.200.202604051735]
2026-04-08 15:26:25.601 - Execution context closed (ksmiaraclee, 0)
2026-04-08 15:26:35.957 - Connect with 'ksmiaraclee' (mysql8-19d6c328cd3-1f9beba0cb5706a6)
2026-04-08 15:26:35.960 - Execution context opened (ksmiaraclee; Main; 1)
2026-04-08 15:26:38.692 - Execution context closed (ksmiaraclee, 1)
2026-04-08 15:26:55.164 - Service 'org.jkiss.dbeaver.ui.UIServiceConnectionEditor' not found
2026-04-08 15:26:55.244 - Service 'org.jkiss.dbeaver.runtime.ui.UIServiceSecurity' not found
2026-04-08 15:27:00.288 - Connect with 'localhost' (mysql8-19d6c339d19-139eb6873cd2ac9d)
2026-04-08 15:27:00.293 - Execution context opened (localhost; Main; 2)
2026-04-08 15:27:00.427 - Execution context opened (localhost; Metadata; 3)
2026-04-08 15:27:00.495 - Connected (mysql8-19d6c339d19-139eb6873cd2ac9d, MySQL Connector/J [mysql-connector-j-8.2.0 (Revision: 06a1f724497fd81c6a659131fda822c9e5085b6c)])
> Start DBeaver SQL Terminal [org.jkiss.dbeaver.ui.editors.sql.terminal 1.0.152.202604051735]
> Start Core Compare Support [org.eclipse.compare.core 3.8.800.v20250718-1505]
> Start Console [org.eclipse.ui.console 3.16.0.v20260123-1616]
> Start Debug Core [org.eclipse.debug.core 3.23.200.v20251107-0507]
2026-04-08 15:39:46.052 - Execution context opened (localhost; SQLEditor <Script.sql>; 4)
> Start DBeaver Tasks - Native Tools UI [org.jkiss.dbeaver.tasks.native.ui 1.0.154.202604051735]
> Start DBeaver Tasks - General UI [org.jkiss.dbeaver.tasks.ui 1.0.154.202604051735]
> Start DBeaver SQL Language Semantic Model [org.jkiss.dbeaver.model.lsm 1.0.71.202604051735]
> Start DBeaver Data Transfer [org.jkiss.dbeaver.data.transfer 2.0.160.202604051735]
> Start DBeaver UI Editors - Entity [org.jkiss.dbeaver.ui.editors.entity 1.0.176.202604051735]
2026-04-08 16:34:57.268 - Error while analyzing query text: CREATE TABLE notifications (
    notification_id INT AUTO_INCREMENT PRIMARY KEY,
    user_id INT NOT NULL,                    -- รับการแจ้งเตือนไปที่ใคร (ลิงก์กับตาราง user_login)
    title VARCHAR(150),                      -- หัวข้อแจ้งเตือน (เช่น "อัปเดตสถานะคำร้อง")
    message TEXT NOT NULL,                   -- ข้อความแจ้งเตือน (เช่น "คำร้องของคุณได้รับการอนุมัติแล้ว")
    is_read BOOLEAN DEFAULT FALSE,           -- สถานะการอ่าน: FALSE = หรืองยังไม่อ่าน, TRUE = อ่านแล้ว
    link_url VARCHAR(255),                   -- (Option) ลิงก์เก็บไว้เวลาคลิกกระดิ่งแล้วให้เด้งไปหน้าไหน
    created_at TIMESTAMP DEFAULT CURRENT_TIMESTAMP, -- วันที่และเวลาที่ระบบส่งแจ้งเตือน
    
    CONSTRAINT fk_noti_user 
        FOREIGN KEY (user_id) REFERENCES c_staffs (st_id) ON DELETE CASCADE
)
java.lang.IllegalStateException: Rows data was not resolved yet
	at org.jkiss.dbeaver.model.sql.semantics.model.select.SQLQueryRowsSourceModel.getRowsDataContext(SQLQueryRowsSourceModel.java:52)
	at org.jkiss.dbeaver.model.sql.semantics.model.ddl.SQLQueryColumnConstraintSpec.propagateForReferencedEntity(SQLQueryColumnConstraintSpec.java:118)
	at org.jkiss.dbeaver.model.sql.semantics.model.ddl.SQLQueryTableConstraintSpec.resolveRelations(SQLQueryTableConstraintSpec.java:116)
	at org.jkiss.dbeaver.model.sql.semantics.model.ddl.SQLQueryTableCreateModel.resolveObjectAndRowsReferences(SQLQueryTableCreateModel.java:139)
	at org.jkiss.dbeaver.model.sql.semantics.model.SQLQueryModel.resolveRelations(SQLQueryModel.java:72)
	at org.jkiss.dbeaver.model.sql.semantics.SQLQueryModelRecognizer.recognizeQuery(SQLQueryModelRecognizer.java:154)
	at org.jkiss.dbeaver.model.sql.semantics.SQLQueryModelRecognizer.recognizeQuery(SQLQueryModelRecognizer.java:1026)
	at org.jkiss.dbeaver.ui.editors.sql.semantics.SQLBackgroundParsingJob.doWork(SQLBackgroundParsingJob.java:606)
	at org.jkiss.dbeaver.ui.editors.sql.semantics.SQLBackgroundParsingJob$1.run(SQLBackgroundParsingJob.java:86)
	at org.jkiss.dbeaver.model.runtime.AbstractJob.run(AbstractJob.java:110)
	at org.eclipse.core.internal.jobs.Worker.run(Worker.java:63)
